# JRE version: Java(TM) SE Runtime Environment (8.0_111-b14) (build 1.8.0_111-b14)
# Java VM: Java HotSpot(TM) 64-Bit Server VM (25.111-b14 mixed mode windows-amd64 compressed oops)
Heap:
 PSYoungGen      total 53760K, used 27656K [0x00000000d5f80000, 0x00000000dc380000, 0x0000000100000000)
  eden space 6144K, 7% used [0x00000000d5f80000,0x00000000d5ffa320,0x00000000d6580000)
  from space 47616K, 57% used [0x00000000d9500000,0x00000000daf88020,0x00000000dc380000)
  to   space 48128K, 0% used [0x00000000d6580000,0x00000000d6580000,0x00000000d9480000)
 ParOldGen       total 296960K, used 268798K [0x0000000081e00000, 0x0000000094000000, 0x00000000d5f80000)
  object space 296960K, 90% used [0x0000000081e00000,0x000000009247faf0,0x0000000094000000)
 Metaspace       used 12203K, capacity 12420K, committed 12544K, reserved 1060864K
  class space    used 1420K, capacity 1510K, committed 1536K, reserved 1048576K
GC Heap History (10 events):
Event: 451.575 GC heap before
{Heap before GC invocations=54 (full 2):
 PSYoungGen      total 24064K, used 24000K [0x00000000d5f80000, 0x00000000dc900000, 0x0000000100000000)
  eden space 5120K, 100% used [0x00000000d5f80000,0x00000000d6480000,0x00000000d6480000)
  from space 18944K, 99% used [0x00000000d6480000,0x00000000d76f0000,0x00000000d7700000)
  to   space 51200K, 0% used [0x00000000d9700000,0x00000000d9700000,0x00000000dc900000)
 ParOldGen       total 296960K, used 265326K [0x0000000081e00000, 0x0000000094000000, 0x00000000d5f80000)
  object space 296960K, 89% used [0x0000000081e00000,0x000000009211baf0,0x0000000094000000)
 Metaspace       used 12203K, capacity 12420K, committed 12544K, reserved 1060864K
  class space    used 1420K, capacity 1510K, committed 1536K, reserved 1048576K
Event: 451.596 GC heap after
Heap after GC invocations=54 (full 2):
 PSYoungGen      total 53760K, used 20992K [0x00000000d5f80000, 0x00000000dc600000, 0x0000000100000000)
  eden space 5632K, 0% used [0x00000000d5f80000,0x00000000d5f80000,0x00000000d6500000)
  from space 48128K, 43% used [0x00000000d9700000,0x00000000dab80020,0x00000000dc600000)
  to   space 49664K, 0% used [0x00000000d6500000,0x00000000d6500000,0x00000000d9580000)
 ParOldGen       total 296960K, used 265326K [0x0000000081e00000, 0x0000000094000000, 0x00000000d5f80000)
  object space 296960K, 89% used [0x0000000081e00000,0x000000009211baf0,0x0000000094000000)
 Metaspace       used 12203K, capacity 12420K, committed 12544K, reserved 1060864K
  class space    used 1420K, capacity 1510K, committed 1536K, reserved 1048576K
}
Event: 457.026 GC heap before
{Heap before GC invocations=55 (full 2):
 PSYoungGen      total 53760K, used 26624K [0x00000000d5f80000, 0x00000000dc600000, 0x0000000100000000)
  eden space 5632K, 100% used [0x00000000d5f80000,0x00000000d6500000,0x00000000d6500000)
  from space 48128K, 43% used [0x00000000d9700000,0x00000000dab80020,0x00000000dc600000)
  to   space 49664K, 0% used [0x00000000d6500000,0x00000000d6500000,0x00000000d9580000)
 ParOldGen       total 296960K, used 265326K [0x0000000081e00000, 0x0000000094000000, 0x00000000d5f80000)
  object space 296960K, 89% used [0x0000000081e00000,0x000000009211baf0,0x0000000094000000)
 Metaspace       used 12203K, capacity 12420K, committed 12544K, reserved 1060864K
  class space    used 1420K, capacity 1510K, committed 1536K, reserved 1048576K
Event: 457.048 GC heap after
Heap after GC invocations=55 (full 2):
 PSYoungGen      total 28672K, used 22624K [0x00000000d5f80000, 0x00000000dc480000, 0x0000000100000000)
  eden space 5632K, 0% used [0x00000000d5f80000,0x00000000d5f80000,0x00000000d6500000)
  from space 23040K, 98% used [0x00000000d6500000,0x00000000d7b18020,0x00000000d7b80000)
  to   space 48640K, 0% used [0x00000000d9500000,0x00000000d9500000,0x00000000dc480000)
 ParOldGen       total 296960K, used 265982K [0x0000000081e00000, 0x0000000094000000, 0x00000000d5f80000)
  object space 296960K, 89% used [0x0000000081e00000,0x00000000921bfaf0,0x0000000094000000)
 Metaspace       used 12203K, capacity 12420K, committed 12544K, reserved 1060864K
  class space    used 1420K, capacity 1510K, committed 1536K, reserved 1048576K
}
Event: 463.244 GC heap before
{Heap before GC invocations=56 (full 2):
 PSYoungGen      total 28672K, used 28256K [0x00000000d5f80000, 0x00000000dc480000, 0x0000000100000000)
  eden space 5632K, 100% used [0x00000000d5f80000,0x00000000d6500000,0x00000000d6500000)
  from space 23040K, 98% used [0x00000000d6500000,0x00000000d7b18020,0x00000000d7b80000)
  to   space 48640K, 0% used [0x00000000d9500000,0x00000000d9500000,0x00000000dc480000)
 ParOldGen       total 296960K, used 265982K [0x0000000081e00000, 0x0000000094000000, 0x00000000d5f80000)
  object space 296960K, 89% used [0x0000000081e00000,0x00000000921bfaf0,0x0000000094000000)
 Metaspace       used 12203K, capacity 12420K, committed 12544K, reserved 1060864K
  class space    used 1420K, capacity 1510K, committed 1536K, reserved 1048576K
Event: 463.270 GC heap after
Heap after GC invocations=56 (full 2):
 PSYoungGen      total 53760K, used 24128K [0x00000000d5f80000, 0x00000000dc380000, 0x0000000100000000)
  eden space 6144K, 0% used [0x00000000d5f80000,0x00000000d5f80000,0x00000000d6580000)
  from space 47616K, 50% used [0x00000000d9500000,0x00000000dac90020,0x00000000dc380000)
  to   space 48128K, 0% used [0x00000000d6580000,0x00000000d6580000,0x00000000d9480000)
 ParOldGen       total 296960K, used 266854K [0x0000000081e00000, 0x0000000094000000, 0x00000000d5f80000)
  object space 296960K, 89% used [0x0000000081e00000,0x0000000092299af0,0x0000000094000000)
 Metaspace       used 12203K, capacity 12420K, committed 12544K, reserved 1060864K
  class space    used 1420K, capacity 1510K, committed 1536K, reserved 1048576K
}
Event: 619.186 GC heap before
{Heap before GC invocations=57 (full 2):
 PSYoungGen      total 53760K, used 30272K [0x00000000d5f80000, 0x00000000dc380000, 0x0000000100000000)
  eden space 6144K, 100% used [0x00000000d5f80000,0x00000000d6580000,0x00000000d6580000)
  from space 47616K, 50% used [0x00000000d9500000,0x00000000dac90020,0x00000000dc380000)
  to   space 48128K, 0% used [0x00000000d6580000,0x00000000d6580000,0x00000000d9480000)
 ParOldGen       total 296960K, used 266854K [0x0000000081e00000, 0x0000000094000000, 0x00000000d5f80000)
  object space 296960K, 89% used [0x0000000081e00000,0x0000000092299af0,0x0000000094000000)
 Metaspace       used 12203K, capacity 12420K, committed 12544K, reserved 1060864K
  class space    used 1420K, capacity 1510K, committed 1536K, reserved 1048576K
Event: 619.202 GC heap after
Heap after GC invocations=57 (full 2):
 PSYoungGen      total 54272K, used 25792K [0x00000000d5f80000, 0x00000000dc380000, 0x0000000100000000)
  eden space 6144K, 0% used [0x00000000d5f80000,0x00000000d5f80000,0x00000000d6580000)
  from space 48128K, 53% used [0x00000000d6580000,0x00000000d7eb0020,0x00000000d9480000)
  to   space 47616K, 0% used [0x00000000d9500000,0x00000000d9500000,0x00000000dc380000)
 ParOldGen       total 296960K, used 267742K [0x0000000081e00000, 0x0000000094000000, 0x00000000d5f80000)
  object space 296960K, 90% used [0x0000000081e00000,0x0000000092377af0,0x0000000094000000)
 Metaspace       used 12203K, capacity 12420K, committed 12544K, reserved 1060864K
  class space    used 1420K, capacity 1510K, committed 1536K, reserved 1048576K
}
Event: 624.045 GC heap before
{Heap before GC invocations=58 (full 2):
 PSYoungGen      total 54272K, used 31936K [0x00000000d5f80000, 0x00000000dc380000, 0x0000000100000000)
  eden space 6144K, 100% used [0x00000000d5f80000,0x00000000d6580000,0x00000000d6580000)
  from space 48128K, 53% used [0x00000000d6580000,0x00000000d7eb0020,0x00000000d9480000)
  to   space 47616K, 0% used [0x00000000d9500000,0x00000000d9500000,0x00000000dc380000)
 ParOldGen       total 296960K, used 267742K [0x0000000081e00000, 0x0000000094000000, 0x00000000d5f80000)
  object space 296960K, 90% used [0x0000000081e00000,0x0000000092377af0,0x0000000094000000)
 Metaspace       used 12203K, capacity 12420K, committed 12544K, reserved 1060864K
  class space    used 1420K, capacity 1510K, committed 1536K, reserved 1048576K
Event: 624.062 GC heap after
Heap after GC invocations=58 (full 2):
 PSYoungGen      total 53760K, used 27168K [0x00000000d5f80000, 0x00000000dc380000, 0x0000000100000000)
  eden space 6144K, 0% used [0x00000000d5f80000,0x00000000d5f80000,0x00000000d6580000)
  from space 47616K, 57% used [0x00000000d9500000,0x00000000daf88020,0x00000000dc380000)
  to   space 48128K, 0% used [0x00000000d6580000,0x00000000d6580000,0x00000000d9480000)
 ParOldGen       total 296960K, used 268798K [0x0000000081e00000, 0x0000000094000000, 0x00000000d5f80000)
  object space 296960K, 90% used [0x0000000081e00000,0x000000009247faf0,0x0000000094000000)
 Metaspace       used 12203K, capacity 12420K, committed 12544K, reserved 1060864K
  class space    used 1420K, capacity 1510K, committed 1536K, reserved 1048576K
}

